<?xml version="1.0" encoding="UTF-8"?>
<testng-results ignored="0" total="1" passed="1" failed="0" skipped="0">
  <reporter-output>
  </reporter-output>
  <suite started-at="2023-09-01T11:57:56 EDT" name="Surefire suite" finished-at="2023-09-01T11:57:56 EDT" duration-ms="140">
    <groups>
    </groups>
    <test started-at="2023-09-01T11:57:56 EDT" name="Surefire test" finished-at="2023-09-01T11:57:56 EDT" duration-ms="140">
      <class name="com.myCaseStudy.CaseStudies.AppTest">
        <test-method signature="shouldAnswerWithTrue()" started-at="2023-09-01T11:57:56 EDT" name="shouldAnswerWithTrue" finished-at="2023-09-01T11:57:56 EDT" duration-ms="10" status="PASS">
          <reporter-output>
          </reporter-output>
        </test-method> <!-- shouldAnswerWithTrue -->
      </class> <!-- com.myCaseStudy.CaseStudies.AppTest -->
    </test> <!-- Surefire test -->
  </suite> <!-- Surefire suite -->
</testng-results>
