<?xml version="1.0" encoding="UTF-8"?>
<testng-results ignored="0" total="1" passed="1" failed="0" skipped="0">
  <reporter-output>
  </reporter-output>
  <suite started-at="2023-09-03T01:40:51 IST" name="Default suite" finished-at="2023-09-03T01:40:53 IST" duration-ms="1719">
    <groups>
    </groups>
    <test started-at="2023-09-03T01:40:51 IST" name="Default test" finished-at="2023-09-03T01:40:53 IST" duration-ms="1719">
      <class name="com.myCaseStudy.CaseStudies.SaucedemoPOModel">
        <test-method is-config="true" signature="setUp()[pri:0, instance:com.myCaseStudy.CaseStudies.SaucedemoPOModel@710636b0]" started-at="2023-09-03T01:40:48 IST" name="setUp" finished-at="2023-09-03T01:40:51 IST" duration-ms="3099" status="PASS">
          <reporter-output>
          </reporter-output>
        </test-method> <!-- setUp -->
        <test-method signature="E2EScenario(java.lang.String,java.lang.String)[pri:0, instance:com.myCaseStudy.CaseStudies.SaucedemoPOModel@710636b0]" started-at="2023-09-03T01:40:51 IST" name="E2EScenario" data-provider="data" finished-at="2023-09-03T01:40:53 IST" duration-ms="1677" status="PASS">
          <params>
            <param index="0">
              <value>
                <![CDATA[standard_user]]>
              </value>
            </param>
            <param index="1">
              <value>
                <![CDATA[secret_sauce]]>
              </value>
            </param>
          </params>
          <reporter-output>
          </reporter-output>
        </test-method> <!-- E2EScenario -->
        <test-method is-config="true" signature="tearDown()[pri:0, instance:com.myCaseStudy.CaseStudies.SaucedemoPOModel@710636b0]" started-at="2023-09-03T01:40:53 IST" name="tearDown" finished-at="2023-09-03T01:40:54 IST" duration-ms="644" status="PASS">
          <reporter-output>
          </reporter-output>
        </test-method> <!-- tearDown -->
      </class> <!-- com.myCaseStudy.CaseStudies.SaucedemoPOModel -->
    </test> <!-- Default test -->
  </suite> <!-- Default suite -->
</testng-results>
